2025-02-06 16:33:03 [main] INFO org.testng.internal.Utils [TestRunner] Running the tests in 'chrometest' with parallel mode:none 
2025-02-06 16:33:03 [main] INFO org.testng.internal.Utils [RunInfo] Adding method selector: org.testng.internal.XmlMethodSelector@340da44c priority: 10 
2025-02-06 16:33:03 [main] INFO org.testng.internal.Utils [TestClass] Creating TestClass for [ClassImpl class=com.luma.LumaTest.HomepageTest] 
2025-02-06 16:33:04 [main] INFO org.testng.internal.Utils [TestClass] Adding method HomepageTest.basePageUrlValidation()[pri:0, instance:null] on TestClass class com.luma.LumaTest.HomepageTest 
2025-02-06 16:33:04 [main] INFO org.testng.internal.Utils [Utils] MethodGroupsHelper.collectMethodsByGroup() took 0 ms. 
2025-02-06 16:33:04 [main] INFO org.testng.internal.Utils [Utils] MethodGroupsHelper.sortMethods() took 2 ms. 
2025-02-06 16:33:04 [main] INFO org.testng.internal.Utils [Utils] MethodGroupsHelper.collectMethodsByGroup() took 0 ms. 
2025-02-06 16:33:04 [main] INFO org.testng.internal.Utils [Utils] MethodGroupsHelper.sortMethods() took 0 ms. 
2025-02-06 16:33:04 [main] INFO org.testng.internal.Utils [XmlMethodSelector] Including group : SANITY 
2025-02-06 16:33:04 [main] INFO org.testng.internal.Utils [XmlMethodSelector] Including method com.luma.LumaTest.initializeLocalDriver() 
2025-02-06 16:33:04 [main] INFO org.testng.internal.Utils [XmlMethodSelector] Excluding method com.luma.LumaTest.initializeRemoteDriver() 
2025-02-06 16:33:04 [main] INFO org.testng.internal.Utils [XmlMethodSelector] Excluding method com.luma.LumaTest.shutdownLocalDriver() 
2025-02-06 16:33:04 [main] INFO org.testng.internal.Utils [Utils] MethodGroupsHelper.collectMethodsByGroup() took 6 ms. 
2025-02-06 16:33:04 [main] INFO org.testng.internal.Utils [Utils] MethodGroupsHelper.sortMethods() took 18 ms. 
2025-02-06 16:33:04 [main] INFO org.testng.internal.Utils [XmlMethodSelector] Excluding method com.luma.LumaTest.shutdownRemoteDriver() 
2025-02-06 16:33:04 [main] INFO org.testng.internal.Utils [Utils] MethodGroupsHelper.collectMethodsByGroup() took 0 ms. 
2025-02-06 16:33:04 [main] INFO org.testng.internal.Utils [Utils] MethodGroupsHelper.sortMethods() took 0 ms. 
2025-02-06 16:33:04 [main] INFO org.testng.internal.Utils [Utils] MethodGroupsHelper.collectMethodsByGroup() took 0 ms. 
2025-02-06 16:33:04 [main] INFO org.testng.internal.Utils [Utils] MethodGroupsHelper.sortMethods() took 0 ms. 
2025-02-06 16:33:04 [main] INFO org.testng.internal.Utils [Utils] MethodGroupsHelper.collectMethodsByGroup() took 0 ms. 
2025-02-06 16:33:04 [main] INFO org.testng.internal.Utils [Utils] MethodGroupsHelper.sortMethods() took 0 ms. 
2025-02-06 16:33:04 [main] INFO org.testng.internal.Utils [Utils] MethodGroupsHelper.collectMethodsByGroup() took 0 ms. 
2025-02-06 16:33:04 [main] INFO org.testng.internal.Utils [Utils] MethodGroupsHelper.sortMethods() took 0 ms. 
2025-02-06 16:33:04 [main] INFO org.testng.internal.Utils [Utils] MethodGroupsHelper.collectMethodsByGroup() took 0 ms. 
2025-02-06 16:33:04 [main] INFO org.testng.internal.Utils [Utils] MethodGroupsHelper.sortMethods() took 0 ms. 
2025-02-06 16:33:04 [main] INFO org.testng.internal.Utils [Utils] MethodGroupsHelper.collectMethodsByGroup() took 0 ms. 
2025-02-06 16:33:04 [main] INFO org.testng.internal.Utils [Utils] MethodGroupsHelper.sortMethods() took 0 ms. 
2025-02-06 16:33:04 [main] INFO org.testng.internal.Utils [Utils] MethodGroupsHelper.collectMethodsByGroup() took 0 ms. 
2025-02-06 16:33:04 [main] INFO org.testng.internal.Utils [Utils] MethodGroupsHelper.sortMethods() took 0 ms. 
2025-02-06 16:33:04 [main] INFO org.testng.internal.Utils [TestClass] Creating TestClass for [ClassImpl class=com.luma.LumaTest.CustomerLoginTest] 
2025-02-06 16:33:04 [main] INFO org.testng.internal.Utils [TestClass] Adding method CustomerLoginTest.signInUrlValidation()[pri:0, instance:null] on TestClass class com.luma.LumaTest.CustomerLoginTest 
2025-02-06 16:33:04 [main] INFO org.testng.internal.Utils [TestClass] Adding method CustomerLoginTest.validSignInCredentials()[pri:2, instance:null] on TestClass class com.luma.LumaTest.CustomerLoginTest 
2025-02-06 16:33:04 [main] INFO org.testng.internal.Utils [TestClass] Adding method CustomerLoginTest.InvalidSignInCredentials()[pri:1, instance:null] on TestClass class com.luma.LumaTest.CustomerLoginTest 
2025-02-06 16:33:04 [main] INFO org.testng.internal.Utils [TestClass] Adding method CustomerLoginTest.customerLoginExternalData(java.lang.String,java.lang.String)[pri:3, instance:null] on TestClass class com.luma.LumaTest.CustomerLoginTest 
2025-02-06 16:33:04 [main] INFO org.testng.internal.Utils [Utils] MethodGroupsHelper.collectMethodsByGroup() took 0 ms. 
2025-02-06 16:33:04 [main] INFO org.testng.internal.Utils [Utils] MethodGroupsHelper.sortMethods() took 0 ms. 
2025-02-06 16:33:04 [main] INFO org.testng.internal.Utils [Utils] MethodGroupsHelper.collectMethodsByGroup() took 0 ms. 
2025-02-06 16:33:04 [main] INFO org.testng.internal.Utils [Utils] MethodGroupsHelper.sortMethods() took 0 ms. 
2025-02-06 16:33:04 [main] INFO org.testng.internal.Utils [Utils] MethodGroupsHelper.collectMethodsByGroup() took 0 ms. 
2025-02-06 16:33:04 [main] INFO org.testng.internal.Utils [Utils] MethodGroupsHelper.sortMethods() took 0 ms. 
2025-02-06 16:33:04 [main] INFO org.testng.internal.Utils [Utils] MethodGroupsHelper.collectMethodsByGroup() took 0 ms. 
2025-02-06 16:33:04 [main] INFO org.testng.internal.Utils [Utils] MethodGroupsHelper.sortMethods() took 0 ms. 
2025-02-06 16:33:04 [main] INFO org.testng.internal.Utils [Utils] MethodGroupsHelper.collectMethodsByGroup() took 0 ms. 
2025-02-06 16:33:04 [main] INFO org.testng.internal.Utils [Utils] MethodGroupsHelper.sortMethods() took 0 ms. 
2025-02-06 16:33:04 [main] INFO org.testng.internal.Utils [Utils] MethodGroupsHelper.collectMethodsByGroup() took 0 ms. 
2025-02-06 16:33:04 [main] INFO org.testng.internal.Utils [Utils] MethodGroupsHelper.sortMethods() took 0 ms. 
2025-02-06 16:33:04 [main] INFO org.testng.internal.Utils [Utils] MethodGroupsHelper.collectMethodsByGroup() took 0 ms. 
2025-02-06 16:33:04 [main] INFO org.testng.internal.Utils [Utils] MethodGroupsHelper.sortMethods() took 0 ms. 
2025-02-06 16:33:04 [main] INFO org.testng.internal.Utils [Utils] MethodGroupsHelper.collectMethodsByGroup() took 0 ms. 
2025-02-06 16:33:04 [main] INFO org.testng.internal.Utils [Utils] MethodGroupsHelper.sortMethods() took 0 ms. 
2025-02-06 16:33:04 [main] INFO org.testng.internal.Utils [Utils] MethodGroupsHelper.collectMethodsByGroup() took 0 ms. 
2025-02-06 16:33:04 [main] INFO org.testng.internal.Utils [Utils] MethodGroupsHelper.sortMethods() took 0 ms. 
2025-02-06 16:33:04 [main] INFO org.testng.internal.Utils [Utils] MethodGroupsHelper.collectMethodsByGroup() took 0 ms. 
2025-02-06 16:33:04 [main] INFO org.testng.internal.Utils [Utils] MethodGroupsHelper.sortMethods() took 0 ms. 
2025-02-06 16:33:04 [main] INFO org.testng.internal.Utils [Utils] MethodGroupsHelper.collectMethodsByGroup() took 0 ms. 
2025-02-06 16:33:04 [main] INFO org.testng.internal.Utils [Utils] MethodGroupsHelper.sortMethods() took 0 ms. 
2025-02-06 16:33:04 [main] INFO org.testng.internal.Utils [Utils] MethodGroupsHelper.collectMethodsByGroup() took 3 ms. 
2025-02-06 16:33:04 [main] INFO org.testng.internal.Utils [Utils] MethodGroupsHelper.sortMethods() took 0 ms. 
2025-02-06 16:33:04 [main] INFO org.testng.internal.Utils [XmlMethodSelector] Including method com.luma.LumaTest.basePageUrlValidation() 
2025-02-06 16:33:04 [main] INFO org.testng.internal.Utils [XmlMethodSelector] Including method com.luma.LumaTest.signInUrlValidation() 
2025-02-06 16:33:04 [main] INFO org.testng.internal.Utils [XmlMethodSelector] Excluding method com.luma.LumaTest.validSignInCredentials() 
2025-02-06 16:33:04 [main] INFO org.testng.internal.Utils [XmlMethodSelector] Excluding method com.luma.LumaTest.InvalidSignInCredentials() 
2025-02-06 16:33:04 [main] INFO org.testng.internal.Utils [XmlMethodSelector] Including method com.luma.LumaTest.customerLoginExternalData() 
2025-02-06 16:33:04 [main] INFO org.testng.internal.Utils [Utils] MethodGroupsHelper.collectMethodsByGroup() took 1 ms. 
2025-02-06 16:33:04 [main] INFO org.testng.internal.Utils [Utils] MethodGroupsHelper.sortMethods() took 9 ms. 
2025-02-06 16:33:04 [main] INFO org.testng.internal.Utils [Utils] MethodGroupsHelper.collectMethodsByGroup() took 0 ms. 
2025-02-06 16:33:04 [main] INFO org.testng.internal.Utils [Utils] MethodGroupsHelper.sortMethods() took 0 ms. 
2025-02-06 16:33:04 [main] INFO org.testng.internal.Utils [Utils] MethodGroupsHelper.collectMethodsByGroup() took 0 ms. 
2025-02-06 16:33:04 [main] INFO org.testng.internal.Utils [Utils] MethodGroupsHelper.sortMethods() took 0 ms. 
2025-02-06 16:33:04 [main] INFO org.testng.internal.Utils [TestNG] Running:
  D:\EclipseWorkspace\Luma-WebApplication\testng.xml
 
2025-02-06 16:33:04 [main] INFO org.testng.internal.Utils [SuiteRunner] Created 1 TestRunners 
2025-02-06 16:33:04 [main] INFO org.testng.internal.Utils [TestRunner] Running test chrometest on 2  classes,  included groups:[SANITY] excluded groups:[] 
2025-02-06 16:33:04 [main] INFO org.testng.TestClass ===== Test class
com.luma.LumaTest.HomepageTest 
2025-02-06 16:33:04 [main] INFO org.testng.TestClass     @Test HomepageTest.basePageUrlValidation()[pri:0, instance:com.luma.LumaTest.HomepageTest@4d18aa28] 
2025-02-06 16:33:04 [main] INFO org.testng.TestClass ====== 
2025-02-06 16:33:04 [main] INFO org.testng.TestClass ===== Test class
com.luma.LumaTest.CustomerLoginTest 
2025-02-06 16:33:04 [main] INFO org.testng.TestClass     @Test CustomerLoginTest.signInUrlValidation()[pri:0, instance:com.luma.LumaTest.CustomerLoginTest@16746061] 
2025-02-06 16:33:04 [main] INFO org.testng.TestClass     @Test CustomerLoginTest.validSignInCredentials()[pri:2, instance:com.luma.LumaTest.CustomerLoginTest@16746061] 
2025-02-06 16:33:04 [main] INFO org.testng.TestClass     @Test CustomerLoginTest.InvalidSignInCredentials()[pri:1, instance:com.luma.LumaTest.CustomerLoginTest@16746061] 
2025-02-06 16:33:04 [main] INFO org.testng.TestClass     @Test CustomerLoginTest.customerLoginExternalData(java.lang.String,java.lang.String)[pri:3, instance:com.luma.LumaTest.CustomerLoginTest@16746061] 
2025-02-06 16:33:04 [main] INFO org.testng.TestClass ====== 
2025-02-06 16:33:04 [main] INFO org.testng.internal.Utils [Invoker 999647352] Invoking @BeforeTest BaseClass.initializeLocalDriver(org.testng.ITestContext,java.lang.String)[pri:0, instance:com.luma.LumaTest.HomepageTest@4d18aa28] 
2025-02-06 16:35:13 [main] INFO org.testng.internal.Utils [Utils] DynamicGraphHelper.createDynamicGraph() took 11 ms. 
2025-02-06 16:35:13 [main] INFO org.testng.internal.Utils [Invoker 999647352] No configuration methods found 
2025-02-06 16:35:13 [main] INFO org.testng.internal.Utils [Invoker 999647352] No configuration methods found 
2025-02-06 16:35:13 [main] INFO org.testng.internal.Utils [Invoker 999647352] Invoking com.luma.LumaTest.HomepageTest.basePageUrlValidation 
2025-02-06 16:35:14 [main] INFO org.testng.internal.Utils [Invoker 999647352] No configuration methods found 
2025-02-06 16:35:14 [main] INFO org.testng.internal.Utils [Invoker 999647352] No configuration methods found 
2025-02-06 16:35:14 [main] INFO org.testng.internal.Utils [Invoker 999647352] No configuration methods found 
2025-02-06 16:35:14 [main] INFO org.testng.internal.Utils [Invoker 999647352] No configuration methods found 
2025-02-06 16:35:14 [main] INFO org.testng.internal.Utils [Invoker 999647352] Invoking com.luma.LumaTest.CustomerLoginTest.signInUrlValidation 
2025-02-06 16:35:19 [main] INFO org.testng.internal.Utils [Invoker 999647352] No configuration methods found 
2025-02-06 16:35:19 [main] INFO org.testng.internal.Utils [Invoker 999647352] No configuration methods found 
2025-02-06 16:35:19 [main] INFO org.testng.internal.Utils [Invoker 999647352] Invoking com.luma.LumaTest.CustomerLoginTest.customerLoginExternalData 
2025-02-06 16:35:22 [main] INFO org.testng.internal.Utils [Invoker 999647352] No configuration methods found 
2025-02-06 16:35:22 [main] INFO org.testng.internal.Utils [Invoker 999647352] No configuration methods found 
2025-02-06 16:35:22 [main] INFO org.testng.internal.Utils [Invoker 999647352] Invoking com.luma.LumaTest.CustomerLoginTest.customerLoginExternalData 
2025-02-06 16:35:24 [main] INFO org.testng.internal.Utils [Invoker 999647352] No configuration methods found 
2025-02-06 16:35:24 [main] INFO org.testng.internal.Utils [Invoker 999647352] No configuration methods found 
2025-02-06 16:35:24 [main] INFO org.testng.internal.Utils [Invoker 999647352] Invoking com.luma.LumaTest.CustomerLoginTest.customerLoginExternalData 
2025-02-06 16:35:26 [main] INFO org.testng.internal.Utils [Invoker 999647352] No configuration methods found 
2025-02-06 16:35:26 [main] INFO org.testng.internal.Utils [Invoker 999647352] No configuration methods found 
2025-02-06 16:35:26 [main] INFO org.testng.internal.Utils [Invoker 999647352] Invoking com.luma.LumaTest.CustomerLoginTest.customerLoginExternalData 
2025-02-06 16:36:09 [main] INFO org.testng.internal.Utils [Invoker 999647352] No configuration methods found 
2025-02-06 16:36:09 [main] INFO org.testng.internal.Utils [Invoker 999647352] No configuration methods found 
2025-02-06 16:36:09 [main] INFO org.testng.internal.Utils [[Utils]] Attempting to create D:\EclipseWorkspace\Luma-WebApplication\test-output\LumaUITest\chrometest.xml 
2025-02-06 16:36:09 [main] INFO org.testng.internal.Utils [[Utils]]   Directory D:\EclipseWorkspace\Luma-WebApplication\test-output\LumaUITest exists: true 
2025-02-06 16:36:09 [main] INFO org.testng.internal.Utils Creating D:\EclipseWorkspace\Luma-WebApplication\test-output\LumaUITest\chrometest.xml 
2025-02-06 16:36:09 [main] INFO org.testng.internal.Utils [TestNG] Time taken by org.testng.reporters.jq.Main@3a790e40: 105 ms 
2025-02-06 16:36:09 [main] INFO org.testng.internal.Utils [[Utils]] Attempting to create D:\EclipseWorkspace\Luma-WebApplication\test-output\testng-failed.xml 
2025-02-06 16:36:09 [main] INFO org.testng.internal.Utils [[Utils]]   Directory D:\EclipseWorkspace\Luma-WebApplication\test-output exists: true 
2025-02-06 16:36:09 [main] INFO org.testng.internal.Utils Creating D:\EclipseWorkspace\Luma-WebApplication\test-output\testng-failed.xml 
2025-02-06 16:36:09 [main] INFO org.testng.internal.Utils [[Utils]] Attempting to create D:\EclipseWorkspace\Luma-WebApplication\test-output\LumaUITest\testng-failed.xml 
2025-02-06 16:36:09 [main] INFO org.testng.internal.Utils [[Utils]]   Directory D:\EclipseWorkspace\Luma-WebApplication\test-output\LumaUITest exists: true 
2025-02-06 16:36:09 [main] INFO org.testng.internal.Utils Creating D:\EclipseWorkspace\Luma-WebApplication\test-output\LumaUITest\testng-failed.xml 
2025-02-06 16:36:09 [main] INFO org.testng.internal.Utils [TestNG] Time taken by org.testng.reporters.FailedReporter@135a8c6f: 28 ms 
2025-02-06 16:36:09 [main] INFO org.testng.internal.Utils [TestNG] Time taken by org.testng.reporters.XMLReporter@1e3e1014: 19 ms 
2025-02-06 16:36:09 [main] INFO org.testng.internal.Utils [TestNG] Time taken by org.testng.reporters.EmailableReporter2@28ee7bee: 14 ms 
2025-02-06 16:36:09 [main] INFO org.testng.internal.Utils [[Utils]] Attempting to create D:\EclipseWorkspace\Luma-WebApplication\test-output\junitreports\TEST-com.luma.LumaTest.CustomerLoginTest.xml 
2025-02-06 16:36:09 [main] INFO org.testng.internal.Utils [[Utils]]   Directory D:\EclipseWorkspace\Luma-WebApplication\test-output\junitreports exists: true 
2025-02-06 16:36:09 [main] INFO org.testng.internal.Utils Creating D:\EclipseWorkspace\Luma-WebApplication\test-output\junitreports\TEST-com.luma.LumaTest.CustomerLoginTest.xml 
2025-02-06 16:36:09 [main] INFO org.testng.internal.Utils [[Utils]] Attempting to create D:\EclipseWorkspace\Luma-WebApplication\test-output\junitreports\TEST-com.luma.LumaTest.HomepageTest.xml 
2025-02-06 16:36:09 [main] INFO org.testng.internal.Utils [[Utils]]   Directory D:\EclipseWorkspace\Luma-WebApplication\test-output\junitreports exists: true 
2025-02-06 16:36:09 [main] INFO org.testng.internal.Utils Creating D:\EclipseWorkspace\Luma-WebApplication\test-output\junitreports\TEST-com.luma.LumaTest.HomepageTest.xml 
2025-02-06 16:36:09 [main] INFO org.testng.internal.Utils [TestNG] Time taken by org.testng.reporters.JUnitReportReporter@2db4ad1: 22 ms 
2025-02-06 16:36:10 [main] INFO org.testng.internal.Utils [TestNG] Time taken by org.testng.internal.ExitCodeListener@765d55d5: 0 ms 
