2025-02-07 11:55:56 [main] INFO org.testng.internal.Utils [TestRunner] Running the tests in 'chrometest' with parallel mode:none 
2025-02-07 11:55:57 [main] INFO org.testng.internal.Utils [RunInfo] Adding method selector: org.testng.internal.XmlMethodSelector@340da44c priority: 10 
2025-02-07 11:55:57 [main] INFO org.testng.internal.Utils [TestClass] Creating TestClass for [ClassImpl class=com.luma.LumaTest.CreateNewCustomerAccountTest] 
2025-02-07 11:55:57 [main] INFO org.testng.internal.Utils [TestClass] Adding method CreateNewCustomerAccountTest.validNewAccountCredentials()[pri:2, instance:null] on TestClass class com.luma.LumaTest.CreateNewCustomerAccountTest 
2025-02-07 11:55:57 [main] INFO org.testng.internal.Utils [TestClass] Adding method CreateNewCustomerAccountTest.invalidNewAccountCredentials()[pri:1, instance:null] on TestClass class com.luma.LumaTest.CreateNewCustomerAccountTest 
2025-02-07 11:55:57 [main] INFO org.testng.internal.Utils [TestClass] Adding method CreateNewCustomerAccountTest.customerNewAccountUrlValidation()[pri:0, instance:null] on TestClass class com.luma.LumaTest.CreateNewCustomerAccountTest 
2025-02-07 11:55:57 [main] INFO org.testng.internal.Utils [Utils] MethodGroupsHelper.collectMethodsByGroup() took 1 ms. 
2025-02-07 11:55:57 [main] INFO org.testng.internal.Utils [Utils] MethodGroupsHelper.sortMethods() took 1 ms. 
2025-02-07 11:55:57 [main] INFO org.testng.internal.Utils [Utils] MethodGroupsHelper.collectMethodsByGroup() took 0 ms. 
2025-02-07 11:55:57 [main] INFO org.testng.internal.Utils [Utils] MethodGroupsHelper.sortMethods() took 0 ms. 
2025-02-07 11:55:57 [main] INFO org.testng.internal.Utils [XmlMethodSelector] Including group : SMOKE 
2025-02-07 11:55:57 [main] INFO org.testng.internal.Utils [XmlMethodSelector] Including method com.luma.LumaTest.initializeLocalDriver() 
2025-02-07 11:55:57 [main] INFO org.testng.internal.Utils [XmlMethodSelector] Excluding method com.luma.LumaTest.initializeRemoteDriver() 
2025-02-07 11:55:57 [main] INFO org.testng.internal.Utils [XmlMethodSelector] Excluding method com.luma.LumaTest.shutdownLocalDriver() 
2025-02-07 11:55:57 [main] INFO org.testng.internal.Utils [Utils] MethodGroupsHelper.collectMethodsByGroup() took 7 ms. 
2025-02-07 11:55:57 [main] INFO org.testng.internal.Utils [Utils] MethodGroupsHelper.sortMethods() took 16 ms. 
2025-02-07 11:55:57 [main] INFO org.testng.internal.Utils [XmlMethodSelector] Excluding method com.luma.LumaTest.shutdownRemoteDriver() 
2025-02-07 11:55:57 [main] INFO org.testng.internal.Utils [Utils] MethodGroupsHelper.collectMethodsByGroup() took 0 ms. 
2025-02-07 11:55:57 [main] INFO org.testng.internal.Utils [Utils] MethodGroupsHelper.sortMethods() took 0 ms. 
2025-02-07 11:55:57 [main] INFO org.testng.internal.Utils [Utils] MethodGroupsHelper.collectMethodsByGroup() took 0 ms. 
2025-02-07 11:55:57 [main] INFO org.testng.internal.Utils [Utils] MethodGroupsHelper.sortMethods() took 0 ms. 
2025-02-07 11:55:57 [main] INFO org.testng.internal.Utils [Utils] MethodGroupsHelper.collectMethodsByGroup() took 0 ms. 
2025-02-07 11:55:57 [main] INFO org.testng.internal.Utils [Utils] MethodGroupsHelper.sortMethods() took 0 ms. 
2025-02-07 11:55:57 [main] INFO org.testng.internal.Utils [Utils] MethodGroupsHelper.collectMethodsByGroup() took 0 ms. 
2025-02-07 11:55:57 [main] INFO org.testng.internal.Utils [Utils] MethodGroupsHelper.sortMethods() took 0 ms. 
2025-02-07 11:55:57 [main] INFO org.testng.internal.Utils [Utils] MethodGroupsHelper.collectMethodsByGroup() took 0 ms. 
2025-02-07 11:55:57 [main] INFO org.testng.internal.Utils [Utils] MethodGroupsHelper.sortMethods() took 0 ms. 
2025-02-07 11:55:57 [main] INFO org.testng.internal.Utils [Utils] MethodGroupsHelper.collectMethodsByGroup() took 0 ms. 
2025-02-07 11:55:57 [main] INFO org.testng.internal.Utils [Utils] MethodGroupsHelper.sortMethods() took 0 ms. 
2025-02-07 11:55:57 [main] INFO org.testng.internal.Utils [Utils] MethodGroupsHelper.collectMethodsByGroup() took 0 ms. 
2025-02-07 11:55:57 [main] INFO org.testng.internal.Utils [Utils] MethodGroupsHelper.sortMethods() took 0 ms. 
2025-02-07 11:55:57 [main] INFO org.testng.internal.Utils [Utils] MethodGroupsHelper.collectMethodsByGroup() took 0 ms. 
2025-02-07 11:55:57 [main] INFO org.testng.internal.Utils [Utils] MethodGroupsHelper.sortMethods() took 0 ms. 
2025-02-07 11:55:57 [main] INFO org.testng.internal.Utils [Utils] MethodGroupsHelper.collectMethodsByGroup() took 2 ms. 
2025-02-07 11:55:57 [main] INFO org.testng.internal.Utils [Utils] MethodGroupsHelper.sortMethods() took 0 ms. 
2025-02-07 11:55:57 [main] INFO org.testng.internal.Utils [XmlMethodSelector] Including method com.luma.LumaTest.validNewAccountCredentials() 
2025-02-07 11:55:57 [main] INFO org.testng.internal.Utils [XmlMethodSelector] Including method com.luma.LumaTest.invalidNewAccountCredentials() 
2025-02-07 11:55:57 [main] INFO org.testng.internal.Utils [XmlMethodSelector] Including method com.luma.LumaTest.customerNewAccountUrlValidation() 
2025-02-07 11:55:57 [main] INFO org.testng.internal.Utils [Utils] MethodGroupsHelper.collectMethodsByGroup() took 1 ms. 
2025-02-07 11:55:57 [main] INFO org.testng.internal.Utils [Utils] MethodGroupsHelper.sortMethods() took 6 ms. 
2025-02-07 11:55:57 [main] INFO org.testng.internal.Utils [Utils] MethodGroupsHelper.collectMethodsByGroup() took 0 ms. 
2025-02-07 11:55:57 [main] INFO org.testng.internal.Utils [Utils] MethodGroupsHelper.sortMethods() took 0 ms. 
2025-02-07 11:55:57 [main] INFO org.testng.internal.Utils [Utils] MethodGroupsHelper.collectMethodsByGroup() took 0 ms. 
2025-02-07 11:55:57 [main] INFO org.testng.internal.Utils [Utils] MethodGroupsHelper.sortMethods() took 0 ms. 
2025-02-07 11:55:57 [main] INFO org.testng.internal.Utils [TestNG] Running:
  D:\EclipseWorkspace\Luma-WebApplication\testng.xml
 
2025-02-07 11:55:57 [main] INFO org.testng.internal.Utils [SuiteRunner] Created 1 TestRunners 
2025-02-07 11:55:57 [main] INFO org.testng.internal.Utils [TestRunner] Running test chrometest on 1  classes,  included groups:[SMOKE] excluded groups:[] 
2025-02-07 11:55:57 [main] INFO org.testng.TestClass ===== Test class
com.luma.LumaTest.CreateNewCustomerAccountTest 
2025-02-07 11:55:57 [main] INFO org.testng.TestClass     @Test CreateNewCustomerAccountTest.validNewAccountCredentials()[pri:2, instance:com.luma.LumaTest.CreateNewCustomerAccountTest@4a891c97] 
2025-02-07 11:55:57 [main] INFO org.testng.TestClass     @Test CreateNewCustomerAccountTest.invalidNewAccountCredentials()[pri:1, instance:com.luma.LumaTest.CreateNewCustomerAccountTest@4a891c97] 
2025-02-07 11:55:57 [main] INFO org.testng.TestClass     @Test CreateNewCustomerAccountTest.customerNewAccountUrlValidation()[pri:0, instance:com.luma.LumaTest.CreateNewCustomerAccountTest@4a891c97] 
2025-02-07 11:55:57 [main] INFO org.testng.TestClass ====== 
2025-02-07 11:55:57 [main] INFO org.testng.internal.Utils [Invoker 251520863] Invoking @BeforeTest BaseClass.initializeLocalDriver(org.testng.ITestContext,java.lang.String)[pri:0, instance:com.luma.LumaTest.CreateNewCustomerAccountTest@4a891c97] 
2025-02-07 11:56:13 [main] INFO org.testng.internal.Utils [Utils] DynamicGraphHelper.createDynamicGraph() took 9 ms. 
2025-02-07 11:56:13 [main] INFO org.testng.internal.Utils [Invoker 251520863] No configuration methods found 
2025-02-07 11:56:13 [main] INFO org.testng.internal.Utils [Invoker 251520863] No configuration methods found 
2025-02-07 11:56:13 [main] INFO org.testng.internal.Utils [Invoker 251520863] Invoking com.luma.LumaTest.CreateNewCustomerAccountTest.customerNewAccountUrlValidation 
2025-02-07 11:56:15 [main] INFO org.testng.internal.Utils [Invoker 251520863] No configuration methods found 
2025-02-07 11:56:15 [main] INFO org.testng.internal.Utils [Invoker 251520863] No configuration methods found 
2025-02-07 11:56:15 [main] INFO org.testng.internal.Utils [Invoker 251520863] Invoking com.luma.LumaTest.CreateNewCustomerAccountTest.invalidNewAccountCredentials 
2025-02-07 11:56:19 [main] INFO org.testng.internal.Utils [Invoker 251520863] No configuration methods found 
2025-02-07 11:56:19 [main] INFO org.testng.internal.Utils [Invoker 251520863] No configuration methods found 
2025-02-07 11:56:19 [main] INFO org.testng.internal.Utils [Invoker 251520863] Invoking com.luma.LumaTest.CreateNewCustomerAccountTest.validNewAccountCredentials 
2025-02-07 11:56:24 [main] INFO org.testng.internal.Utils [Invoker 251520863] No configuration methods found 
2025-02-07 11:56:24 [main] INFO org.testng.internal.Utils [Invoker 251520863] No configuration methods found 
2025-02-07 11:56:24 [main] INFO org.testng.internal.Utils [[Utils]] Attempting to create D:\EclipseWorkspace\Luma-WebApplication\test-output\LumaUITest\chrometest.xml 
2025-02-07 11:56:24 [main] INFO org.testng.internal.Utils [[Utils]]   Directory D:\EclipseWorkspace\Luma-WebApplication\test-output\LumaUITest exists: true 
2025-02-07 11:56:24 [main] INFO org.testng.internal.Utils Creating D:\EclipseWorkspace\Luma-WebApplication\test-output\LumaUITest\chrometest.xml 
2025-02-07 11:56:24 [main] INFO org.testng.internal.Utils [TestNG] Time taken by org.testng.reporters.jq.Main@168cd36b: 86 ms 
2025-02-07 11:56:24 [main] INFO org.testng.internal.Utils [TestNG] Time taken by org.testng.reporters.FailedReporter@d8d9199: 2 ms 
2025-02-07 11:56:24 [main] INFO org.testng.internal.Utils [TestNG] Time taken by org.testng.reporters.XMLReporter@81b5db0: 14 ms 
2025-02-07 11:56:24 [main] INFO org.testng.internal.Utils [TestNG] Time taken by org.testng.reporters.EmailableReporter2@524a2ffb: 8 ms 
2025-02-07 11:56:24 [main] INFO org.testng.internal.Utils [[Utils]] Attempting to create D:\EclipseWorkspace\Luma-WebApplication\test-output\junitreports\TEST-com.luma.LumaTest.CreateNewCustomerAccountTest.xml 
2025-02-07 11:56:24 [main] INFO org.testng.internal.Utils [[Utils]]   Directory D:\EclipseWorkspace\Luma-WebApplication\test-output\junitreports exists: true 
2025-02-07 11:56:24 [main] INFO org.testng.internal.Utils Creating D:\EclipseWorkspace\Luma-WebApplication\test-output\junitreports\TEST-com.luma.LumaTest.CreateNewCustomerAccountTest.xml 
2025-02-07 11:56:24 [main] INFO org.testng.internal.Utils [TestNG] Time taken by org.testng.reporters.JUnitReportReporter@4d192aef: 9 ms 
2025-02-07 11:56:24 [main] INFO org.testng.internal.Utils [TestNG] Time taken by org.testng.internal.ExitCodeListener@1416cf9f: 0 ms 
